=== Incoming Request ===
Array
(
    [file_id] => 3
)
=== Incoming Request ===
Array
(
    [file_id] => 3
)
=== Incoming Request ===
Array
(
    [file_id] => 3
)
=== Incoming Request ===
Array
(
    [file_id] => 3
)
=== Incoming Request ===
Array
(
    [file_id] => 3
)
=== Incoming Request ===
Array
(
    [file_id] => 3
)
=== Incoming Request ===
Array
(
    [file_id] => 2
)
=== Incoming Request ===
Array
(
    [file_id] => 2
)
=== Incoming Request ===
Array
(
    [file_id] => 2
)
=== Incoming Request ===
Array
(
    [file_id] => 3
)
=== Incoming Request ===
Array
(
    [file_id] => 3
)
=== Incoming Request ===
Array
(
    [file_id] => 3
)
=== Incoming Request ===
Array
(
    [file_id] => 3
)
=== Incoming Request ===
Array
(
    [file_id] => 3
)
=== Incoming Request ===
Array
(
    [file_id] => 3
)
=== Incoming Request ===
Array
(
    [file_id] => 3
)
=== Incoming Request ===
Array
(
    [file_id] => 3
)
=== Incoming Request ===
Array
(
    [file_id] => 2
)
=== Incoming Request ===
Array
(
    [file_id] => 3
)
=== Incoming Request ===
Array
(
    [file_id] => 2
)
=== Incoming Request ===
Array
(
    [file_id] => 3
)
=== Incoming Request ===
Array
(
    [file_id] => 3
)
=== Incoming Request ===
Array
(
    [file_id] => 3
)
=== Incoming Request ===
Array
(
    [file_id] => 3
)
=== Incoming Request ===
Array
(
    [file_id] => 2
)
=== Incoming Request ===
Array
(
    [file_id] => 1
)
=== Incoming Request ===
Array
(
    [file_id] => 1
)
=== Incoming Request ===
Array
(
    [file_id] => 2
)
=== Incoming Request ===
Array
(
    [file_id] => 3
)
=== Incoming Request ===
Array
(
    [file_id] => 4
)
=== Incoming Request ===
Array
(
    [file_id] => 4
)
=== Incoming Request ===
Array
(
    [file_id] => 4
)
=== Incoming Request ===
Array
(
    [file_id] => 4
)
=== Incoming Request ===
Array
(
    [file_id] => 4
)
=== Incoming Request ===
Array
(
    [file_id] => 4
)
=== Incoming Request ===
Array
(
    [file_id] => 4
)
=== Incoming Request ===
Array
(
    [file_id] => 4
)
